<?xml version="1.0" encoding="UTF-8"?>
<testng-results skipped="0" failed="0" ignored="0" total="2" passed="2">
  <reporter-output>
  </reporter-output>
  <suite name="Surefire suite" duration-ms="17461" started-at="2023-07-10T10:28:12 ART" finished-at="2023-07-10T10:28:30 ART">
    <groups>
    </groups>
    <test name="Surefire test" duration-ms="17461" started-at="2023-07-10T10:28:12 ART" finished-at="2023-07-10T10:28:30 ART">
      <class name="tests.LoginSuccesfulTest">
        <test-method status="PASS" signature="setUp()[pri:0, instance:tests.LoginSuccesfulTest@56235b8e]" name="setUp" is-config="true" duration-ms="5535" started-at="2023-07-10T10:28:12 ART" finished-at="2023-07-10T10:28:18 ART">
          <reporter-output>
          </reporter-output>
        </test-method> <!-- setUp -->
        <test-method status="PASS" signature="loginSuccesful()[pri:0, instance:tests.LoginSuccesfulTest@56235b8e]" name="loginSuccesful" duration-ms="2813" started-at="2023-07-10T10:28:18 ART" finished-at="2023-07-10T10:28:20 ART">
          <reporter-output>
          </reporter-output>
        </test-method> <!-- loginSuccesful -->
        <test-method status="PASS" signature="tearDown()[pri:0, instance:tests.LoginSuccesfulTest@56235b8e]" name="tearDown" is-config="true" duration-ms="681" started-at="2023-07-10T10:28:20 ART" finished-at="2023-07-10T10:28:21 ART">
          <reporter-output>
          </reporter-output>
        </test-method> <!-- tearDown -->
      </class> <!-- tests.LoginSuccesfulTest -->
      <class name="tests.LoginUnSuccesFulTest">
        <test-method status="PASS" signature="setUp()[pri:0, instance:tests.LoginUnSuccesFulTest@3632be31]" name="setUp" is-config="true" duration-ms="4894" started-at="2023-07-10T10:28:21 ART" finished-at="2023-07-10T10:28:26 ART">
          <reporter-output>
          </reporter-output>
        </test-method> <!-- setUp -->
        <test-method status="PASS" signature="loginUnSuccesful()[pri:0, instance:tests.LoginUnSuccesFulTest@3632be31]" name="loginUnSuccesful" duration-ms="2850" started-at="2023-07-10T10:28:26 ART" finished-at="2023-07-10T10:28:29 ART">
          <reporter-output>
          </reporter-output>
        </test-method> <!-- loginUnSuccesful -->
        <test-method status="PASS" signature="tearDown()[pri:0, instance:tests.LoginUnSuccesFulTest@3632be31]" name="tearDown" is-config="true" duration-ms="652" started-at="2023-07-10T10:28:29 ART" finished-at="2023-07-10T10:28:30 ART">
          <reporter-output>
          </reporter-output>
        </test-method> <!-- tearDown -->
      </class> <!-- tests.LoginUnSuccesFulTest -->
    </test> <!-- Surefire test -->
  </suite> <!-- Surefire suite -->
</testng-results>
